[main] INFO essplAutomation - ------Opening Browser------
[main] INFO essplAutomation - ------Opening URL------
[main] INFO essplAutomation - ------Credential provided------
[main] INFO essplAutomation - ------Login------
[main] INFO essplAutomation - ------Customer dashboard page------
[main] INFO essplAutomation - ------Customer Add New page------
[main] INFO essplAutomation - ------Customer Details page------
[main] INFO essplAutomation - ------Confirmation page------
[main] INFO essplAutomation - ------Logout page------
[main] INFO essplAutomation - ------Opening Browser------
[main] INFO essplAutomation - ------Opening URL------
[main] INFO essplAutomation - ------Credential provided------
[main] INFO essplAutomation - ------Login------
[main] INFO essplAutomation - ------Customer dashboard page------
[main] INFO essplAutomation - ------Provide email for search------
[main] INFO essplAutomation - ------Search Customer------
[main] INFO essplAutomation - ------Opening Browser------
[main] INFO essplAutomation - ------Opening URL------
[main] INFO essplAutomation - ------Credential provided------
[main] INFO essplAutomation - ------Login------
[main] INFO essplAutomation - ------Customer dashboard page------
[main] INFO essplAutomation - ------Customer Add New page------
[main] INFO essplAutomation - ------Customer Details page------
[main] INFO essplAutomation - ------Confirmation page------
[main] INFO essplAutomation - ------Logout page------
[main] INFO essplAutomation - ------Opening Browser------
[main] INFO essplAutomation - ------Opening URL------
[main] INFO essplAutomation - ------Credential provided------
[main] INFO essplAutomation - ------Login------
[main] INFO essplAutomation - ------Customer dashboard page------
[main] INFO essplAutomation - ------Provide email for search------
[main] INFO essplAutomation - ------Search Customer------
[main] INFO essplAutomation - ------Opening Browser------
[main] INFO essplAutomation - ------Opening URL------
[main] INFO essplAutomation - ------Credential provided------
[main] INFO essplAutomation - ------Login------
[main] INFO essplAutomation - ------Browser closed------
[main] INFO essplAutomation - ------Opening Browser------
[main] INFO essplAutomation - ------Opening URL------
[main] INFO essplAutomation - ------Credential provided------
[main] INFO essplAutomation - ------Login------
[main] INFO essplAutomation - ------Browser closed------
[main] INFO essplAutomation - ------Opening Browser------
[main] INFO essplAutomation - ------Opening URL------
[main] INFO essplAutomation - ------Credential provided------
[main] INFO essplAutomation - ------Login------
[main] INFO essplAutomation - ------Browser closed------
[main] INFO essplAutomation - ------Opening Browser------
[main] INFO essplAutomation - ------Opening Browser------
[main] INFO essplAutomation - ------Opening Browser------
[main] INFO essplAutomation - ------Opening Browser------
[main] INFO essplAutomation - ------Opening Browser------
[main] INFO essplAutomation - ------Opening Browser------
[main] INFO essplAutomation - ------Opening Browser------
[main] INFO essplAutomation - ------Opening Browser------
[main] INFO essplAutomation - ------Opening URL------
[main] INFO essplAutomation - ------Credential provided------
[main] INFO essplAutomation - ------Opening URL------
[main] INFO essplAutomation - ------Credential provided------
[main] INFO essplAutomation - ------Opening URL------
[main] INFO essplAutomation - ------Credential provided------
[main] INFO essplAutomation - ------Login------
[main] INFO essplAutomation - ------Browser closed------
[main] INFO essplAutomation - ------Opening URL------
[main] INFO essplAutomation - ------Credential provided------
[main] INFO essplAutomation - ------Login------
[main] INFO essplAutomation - ------Browser closed------
[main] INFO essplAutomation - ------Opening URL------
[main] INFO essplAutomation - ------Credential provided------
[main] INFO essplAutomation - ------Opening URL------
[main] INFO essplAutomation - ------Credential provided------
[main] INFO essplAutomation - ------Opening URL------
[main] INFO essplAutomation - ------Opening URL------
[main] INFO essplAutomation - ------Credential provided------
[main] INFO essplAutomation - ------Opening URL------
[main] INFO essplAutomation - ------Credential provided------
[main] INFO essplAutomation - ------Opening URL------
[main] INFO essplAutomation - ------Credential provided------
[main] INFO essplAutomation - ------Opening URL------
[main] INFO essplAutomation - ------Credential provided------
[main] INFO essplAutomation - ------Opening URL------
[main] INFO essplAutomation - ------Credential provided------
[main] INFO essplAutomation - ------Opening URL------
[main] INFO essplAutomation - ------Credential provided------
[main] INFO essplAutomation - ------Login------
[main] INFO essplAutomation - ------Browser closed------
[main] INFO essplAutomation - ------Opening URL------
[main] INFO essplAutomation - ------Credential provided------
[main] INFO essplAutomation - ------Login------
[main] INFO essplAutomation - ------Browser closed------
[main] INFO essplAutomation - ------Opening URL------
[main] INFO essplAutomation - ------Credential provided------
[main] INFO essplAutomation - ------Login------
[main] INFO essplAutomation - ------Browser closed------
[main] INFO essplAutomation - ------Opening URL------
[main] INFO essplAutomation - ------Credential provided------
[main] INFO essplAutomation - ------Login------
[main] INFO essplAutomation - ------Browser closed------
[main] INFO essplAutomation - ------Opening URL------
[main] INFO essplAutomation - ------Credential provided------
[main] INFO essplAutomation - ------Login------
[main] INFO essplAutomation - ------Browser closed------
[main] INFO essplAutomation - ------Opening URL------
[main] INFO essplAutomation - ------Credential provided------
[main] INFO essplAutomation - ------Login------
[main] INFO essplAutomation - ------Browser closed------
[main] INFO essplAutomation - ------Opening URL------
[main] INFO essplAutomation - ------Credential provided------
[main] INFO essplAutomation - ------Login------
[main] INFO essplAutomation - ------Browser closed------
[main] INFO essplAutomation - ------Opening URL------
[main] INFO essplAutomation - ------Credential provided------
[main] INFO essplAutomation - ------Login------
[main] INFO essplAutomation - ------Browser closed------
[main] INFO essplAutomation - ------Opening URL------
[main] INFO essplAutomation - ------Credential provided------
[main] INFO essplAutomation - ------Login------
[main] INFO essplAutomation - ------Browser closed------
[main] INFO essplAutomation - ------Opening URL------
[main] INFO essplAutomation - ------Credential provided------
[main] INFO essplAutomation - ------Login------
[main] INFO essplAutomation - ------Browser closed------
[main] INFO essplAutomation - ------Opening URL------
[main] INFO essplAutomation - ------Credential provided------
[main] INFO essplAutomation - ------Login------
[main] INFO essplAutomation - ------Browser closed------
[main] INFO essplAutomation - ------Opening URL------
[main] INFO essplAutomation - ------Credential provided------
[main] INFO essplAutomation - ------Login------
[main] INFO essplAutomation - ------Browser closed------
[main] INFO essplAutomation - ------Opening URL------
[main] INFO essplAutomation - ------Credential provided------
[main] INFO essplAutomation - ------Login------
[main] INFO essplAutomation - ------Browser closed------
[main] INFO essplAutomation - ------Opening URL------
[main] INFO essplAutomation - ------Credential provided------
[main] INFO essplAutomation - ------Login------
[main] INFO essplAutomation - ------Browser closed------
[main] INFO essplAutomation - ------Opening URL------
[main] INFO essplAutomation - ------Credential provided------
[main] INFO essplAutomation - ------Login------
[main] INFO essplAutomation - ------Browser closed------
[main] INFO essplAutomation - ------Opening URL------
[main] INFO essplAutomation - ------Credential provided------
[main] INFO essplAutomation - ------Login------
[main] INFO essplAutomation - ------Browser closed------
[main] INFO essplAutomation - ------Opening URL------
[main] INFO essplAutomation - ------Credential provided------
[main] INFO essplAutomation - ------Login------
[main] INFO essplAutomation - ------Browser closed------
[main] INFO essplAutomation - ------Opening URL------
[main] INFO essplAutomation - ------Credential provided------
[main] INFO essplAutomation - ------Login------
[main] INFO essplAutomation - ------Browser closed------
[main] INFO essplAutomation - ------Opening URL------
[main] INFO essplAutomation - ------Credential provided------
[main] INFO essplAutomation - ------Login------
[main] INFO essplAutomation - ------Browser closed------
[main] INFO essplAutomation - ------Opening URL------
[main] INFO essplAutomation - ------Credential provided------
[main] INFO essplAutomation - ------Opening URL------
[main] INFO essplAutomation - ------Credential provided------
[main] INFO essplAutomation - ------Opening URL------
[main] INFO essplAutomation - ------Credential provided------
[main] INFO essplAutomation - ------Opening URL------
[main] INFO essplAutomation - ------Credential provided------
[main] INFO essplAutomation - ------Login------
[main] INFO essplAutomation - ------Browser closed------
[main] INFO essplAutomation - ------Opening URL------
[main] INFO essplAutomation - ------Credential provided------
[main] INFO essplAutomation - ------Login------
[main] INFO essplAutomation - ------Browser closed------
[main] INFO essplAutomation - ------Opening URL------
[main] INFO essplAutomation - ------Credential provided------
[main] INFO essplAutomation - ------Login------
[main] INFO essplAutomation - ------Browser closed------
[main] INFO essplAutomation - ------Opening URL------
[main] INFO essplAutomation - ------Credential provided------
[main] INFO essplAutomation - ------Opening URL------
[main] INFO essplAutomation - ------Credential provided------
[main] INFO essplAutomation - ------Opening URL------
[main] INFO essplAutomation - ------Credential provided------
[main] INFO essplAutomation - ------Opening URL------
[main] INFO essplAutomation - ------Credential provided------
[main] INFO essplAutomation - ------Opening URL------
[main] INFO essplAutomation - ------Credential provided------
[main] INFO essplAutomation - ------Credential provided------
[main] INFO essplAutomation - ------Credential provided------
[main] INFO essplAutomation - ------Credential provided------
[main] INFO essplAutomation - ------Login------
[main] INFO essplAutomation - ------Credential provided------
[main] INFO essplAutomation - ------Credential provided------
[main] INFO essplAutomation - ------Credential provided------
[main] INFO essplAutomation - ------Login------
[main] INFO essplAutomation - ------Browser closed------
[main] INFO essplAutomation - ------Credential provided------
[main] INFO essplAutomation - ------Login------
[main] INFO essplAutomation - ------Browser closed------
[main] INFO essplAutomation - ------Credential provided------
[main] INFO essplAutomation - ------Login------
[main] INFO essplAutomation - ------Browser closed------
[main] INFO essplAutomation - ------Credential provided------
[main] INFO essplAutomation - ------Login------
[main] INFO essplAutomation - ------Browser closed------
[main] INFO essplAutomation - ------Credential provided------
[main] INFO essplAutomation - ------Login------
[main] INFO essplAutomation - ------Browser closed------
[main] INFO essplAutomation - ------Credential provided------
[main] INFO essplAutomation - ------Login------
[main] INFO essplAutomation - ------Browser closed------
[main] INFO essplAutomation - ------Credential provided------
[main] INFO essplAutomation - ------Login------
[main] INFO essplAutomation - ------Browser closed------
[main] INFO essplAutomation - ------Credential provided------
[main] INFO essplAutomation - ------Login------
[main] INFO essplAutomation - ------Browser closed------
[main] INFO essplAutomation - ------Credential provided------
[main] INFO essplAutomation - ------Login------
[main] INFO essplAutomation - ------Browser closed------
[main] INFO essplAutomation - ------Credential provided------
[main] INFO essplAutomation - ------Login------
[main] INFO essplAutomation - ------Browser closed------
[main] INFO essplAutomation - ------Credential provided------
[main] INFO essplAutomation - ------Login------
[main] INFO essplAutomation - ------Browser closed------
[main] INFO essplAutomation - ------Credential provided------
[main] INFO essplAutomation - ------Login------
[main] INFO essplAutomation - ------Browser closed------
[main] INFO essplAutomation - ------Credential provided------
[main] INFO essplAutomation - ------Login------
[main] INFO essplAutomation - ------Browser closed------
[main] INFO essplAutomation - ------Credential provided------
[main] INFO essplAutomation - ------Login------
[main] INFO essplAutomation - ------Browser closed------
[main] INFO essplAutomation - ------Credential provided------
[main] INFO essplAutomation - ------Login------
[main] INFO essplAutomation - ------Browser closed------
[main] INFO essplAutomation - ------Credential provided------
[main] INFO essplAutomation - ------Login------
[main] INFO essplAutomation - ------Browser closed------
[main] INFO essplAutomation - ------Credential provided------
[main] INFO essplAutomation - ------Login------
[main] INFO essplAutomation - ------Browser closed------
[main] INFO essplAutomation - ------Credential provided------
[main] INFO essplAutomation - ------Login------
[main] INFO essplAutomation - ------Browser closed------
[main] INFO essplAutomation - ------Credential provided------
[main] INFO essplAutomation - ------Login------
[main] INFO essplAutomation - ------Browser closed------
[main] INFO essplAutomation - ------Credential provided------
[main] INFO essplAutomation - ------Login------
[main] INFO essplAutomation - ------Browser closed------
[main] INFO essplAutomation - ------Credential provided------
[main] INFO essplAutomation - ------Login------
[main] INFO essplAutomation - ------Browser closed------
[main] INFO essplAutomation - ------Credential provided------
[main] INFO essplAutomation - ------Login------
[main] INFO essplAutomation - ------Browser closed------
[main] INFO essplAutomation - ------Credential provided------
[main] INFO essplAutomation - ------Login------
[main] INFO essplAutomation - ------Browser closed------
[main] INFO essplAutomation - ------Credential provided------
[main] INFO essplAutomation - ------Login------
[main] INFO essplAutomation - ------Browser closed------
[main] INFO essplAutomation - ------Credential provided------
[main] INFO essplAutomation - ------Login------
[main] INFO essplAutomation - ------Browser closed------
[main] INFO essplAutomation - ------Credential provided------
[main] INFO essplAutomation - ------Login------
[main] INFO essplAutomation - ------Browser closed------
[main] INFO essplAutomation - ------Credential provided------
[main] INFO essplAutomation - ------Login------
[main] INFO essplAutomation - ------Browser closed------
[main] INFO essplAutomation - ------Credential provided------
[main] INFO essplAutomation - ------Login------
[main] INFO essplAutomation - ------Browser closed------
[main] INFO essplAutomation - ------Credential provided------
[main] INFO essplAutomation - ------Login------
[main] INFO essplAutomation - ------Credential provided------
[main] INFO essplAutomation - ------Login------
[main] INFO essplAutomation - ------Browser closed------
[main] INFO essplAutomation - ------Credential provided------
[main] INFO essplAutomation - ------Login------
[main] INFO essplAutomation - ------Credential provided------
[main] INFO essplAutomation - ------Login------
[main] INFO essplAutomation - ------Browser closed------
[main] INFO essplAutomation - ------Credential provided------
[main] INFO essplAutomation - ------Login------
[main] INFO essplAutomation - ------Credential provided------
[main] INFO essplAutomation - ------Login------
[main] INFO essplAutomation - ------Browser closed------
[main] INFO essplAutomation - ------Credential provided------
[main] INFO essplAutomation - ------Credential provided------
[main] INFO essplAutomation - ------Credential provided------
[main] INFO essplAutomation - ------Credential provided------
[main] INFO essplAutomation - ------Credential provided------
[main] INFO essplAutomation - ------Credential provided------
[main] INFO essplAutomation - ------Credential provided------
[main] INFO essplAutomation - ------Login------
[main] INFO essplAutomation - ------Browser closed------
[main] INFO essplAutomation - ------Credential provided------
[main] INFO essplAutomation - ------Login------
[main] INFO essplAutomation - ------Browser closed------
[main] INFO essplAutomation - ------Credential provided------
[main] INFO essplAutomation - ------Credential provided------
[main] INFO essplAutomation - ------Credential provided------
[main] INFO essplAutomation - ------Credential provided------
[main] INFO essplAutomation - ------Credential provided------
[main] INFO essplAutomation - ------Login------
[main] INFO essplAutomation - ------Browser closed------
[main] INFO essplAutomation - ------Credential provided------
[main] INFO essplAutomation - ------Login------
[main] INFO essplAutomation - ------Browser closed------
[main] INFO essplAutomation - ------Credential provided------
[main] INFO essplAutomation - ------Login------
[main] INFO essplAutomation - ------Browser closed------
[main] INFO essplAutomation - ------Credential provided------
[main] INFO essplAutomation - ------Login------
[main] INFO essplAutomation - ------Browser closed------
[main] INFO essplAutomation - ------Credential provided------
[main] INFO essplAutomation - ------Login------
[main] INFO essplAutomation - ------Browser closed------
[main] INFO essplAutomation - ------Credential provided------
[main] INFO essplAutomation - ------Login------
[main] INFO essplAutomation - ------Browser closed------
[main] INFO essplAutomation - ------Credential provided------
[main] INFO essplAutomation - ------Login------
[main] INFO essplAutomation - ------Credential provided------
[main] INFO essplAutomation - ------Login------
[main] INFO essplAutomation - ------Credential provided------
[main] INFO essplAutomation - ------Login------
[main] INFO essplAutomation - ------Credential provided------
[main] INFO essplAutomation - ------Login------
[main] INFO essplAutomation - ------Credential provided------
[main] INFO essplAutomation - ------Login------
[main] INFO essplAutomation - ------Credential provided------
[main] INFO essplAutomation - ------Login------
[main] INFO essplAutomation - ------Credential provided------
[main] INFO essplAutomation - ------Login------
[main] INFO essplAutomation - ------Credential provided------
[main] INFO essplAutomation - ------Login------
[main] INFO essplAutomation - ------Credential provided------
[main] INFO essplAutomation - ------Login------
[main] INFO essplAutomation - ------Credential provided------
[main] INFO essplAutomation - ------Login------
[main] INFO essplAutomation - ------Credential provided------
[main] INFO essplAutomation - ------Login------
[main] INFO essplAutomation - ------Credential provided------
[main] INFO essplAutomation - ------Login------
[main] INFO essplAutomation - ------Credential provided------
[main] INFO essplAutomation - ------Login------
[main] INFO essplAutomation - ------Credential provided------
[main] INFO essplAutomation - ------Login------
[main] INFO essplAutomation - ------Credential provided------
[main] INFO essplAutomation - ------Credential provided------
[main] INFO essplAutomation - ------Credential provided------
[main] INFO essplAutomation - ------Credential provided------
[main] INFO essplAutomation - ------Credential provided------
[main] INFO essplAutomation - ------Credential provided------
[main] INFO essplAutomation - ------Credential provided------
[main] INFO essplAutomation - ------Credential provided------
[main] INFO essplAutomation - ------Credential provided------
[main] INFO essplAutomation - ------Login------
[main] INFO essplAutomation - ------Credential provided------
[main] INFO essplAutomation - ------Login------
[main] INFO essplAutomation - ------Credential provided------
[main] INFO essplAutomation - ------Login------
[main] INFO essplAutomation - ------Credential provided------
[main] INFO essplAutomation - ------Login------
[main] INFO essplAutomation - ------Credential provided------
[main] INFO essplAutomation - ------Login------
[main] INFO essplAutomation - ------Credential provided------
[main] INFO essplAutomation - ------Login------
[main] INFO essplAutomation - ------Credential provided------
[main] INFO essplAutomation - ------Login------
[main] INFO essplAutomation - ------Credential provided------
[main] INFO essplAutomation - ------Login------
[main] INFO essplAutomation - ------Credential provided------
[main] INFO essplAutomation - ------Login------
[main] INFO essplAutomation - ------Credential provided------
[main] INFO essplAutomation - ------Login------
[main] INFO essplAutomation - ------Credential provided------
[main] INFO essplAutomation - ------Login------
[main] INFO essplAutomation - ------Credential provided------
[main] INFO essplAutomation - ------Login------
[main] INFO essplAutomation - ------Credential provided------
[main] INFO essplAutomation - ------Login------
[main] INFO essplAutomation - ------Credential provided------
[main] INFO essplAutomation - ------Login------
[main] INFO essplAutomation - ------Credential provided------
[main] INFO essplAutomation - ------Login------
[main] INFO essplAutomation - ------Credential provided------
[main] INFO essplAutomation - ------Login------
[main] INFO essplAutomation - ------Credential provided------
[main] INFO essplAutomation - ------Login------
[main] INFO essplAutomation - ------Credential provided------
[main] INFO essplAutomation - ------Login------
[main] INFO essplAutomation - ------Credential provided------
[main] INFO essplAutomation - ------Login------
[main] INFO essplAutomation - ------Credential provided------
[main] INFO essplAutomation - ------Login------
[main] INFO essplAutomation - ------Credential provided------
[main] INFO essplAutomation - ------Login------
[main] INFO essplAutomation - ------Credential provided------
[main] INFO essplAutomation - ------Login------
[main] INFO essplAutomation - ------Credential provided------
[main] INFO essplAutomation - ------Login------
[main] INFO essplAutomation - ------Credential provided------
[main] INFO essplAutomation - ------Login------
[main] INFO essplAutomation - ------Credential provided------
[main] INFO essplAutomation - ------Login------
[main] INFO essplAutomation - ------Credential provided------
[main] INFO essplAutomation - ------Login------
[main] INFO essplAutomation - ------Credential provided------
[main] INFO essplAutomation - ------Login------
[main] INFO essplAutomation - ------Credential provided------
[main] INFO essplAutomation - ------Login------
[main] INFO essplAutomation - ------Credential provided------
[main] INFO essplAutomation - ------Login------
[main] INFO essplAutomation - ------Credential provided------
[main] INFO essplAutomation - ------Login------
[main] INFO essplAutomation - ------Credential provided------
[main] INFO essplAutomation - ------Login------
[main] INFO essplAutomation - ------Credential provided------
[main] INFO essplAutomation - ------Login------
[main] INFO essplAutomation - ------Credential provided------
[main] INFO essplAutomation - ------Login------
[main] INFO essplAutomation - ------Credential provided------
[main] INFO essplAutomation - ------Login------
[main] INFO essplAutomation - ------Credential provided------
[main] INFO essplAutomation - ------Login------
[main] INFO essplAutomation - ------Credential provided------
[main] INFO essplAutomation - ------Login------
[main] INFO essplAutomation - ------Credential provided------
[main] INFO essplAutomation - ------Login------
[main] INFO essplAutomation - ------Credential provided------
[main] INFO essplAutomation - ------Login------
[main] INFO essplAutomation - ------Credential provided------
[main] INFO essplAutomation - ------Login------
[main] INFO essplAutomation - ------Credential provided------
[main] INFO essplAutomation - ------Login------
[main] INFO essplAutomation - ------Credential provided------
[main] INFO essplAutomation - ------Login------
[main] INFO essplAutomation - ------Credential provided------
[main] INFO essplAutomation - ------Login------
[main] INFO essplAutomation - ------Credential provided------
[main] INFO essplAutomation - ------Login------
[main] INFO essplAutomation - ------Credential provided------
[main] INFO essplAutomation - ------Login------
[main] INFO essplAutomation - ------Credential provided------
[main] INFO essplAutomation - ------Login------
[main] INFO essplAutomation - ------Credential provided------
[main] INFO essplAutomation - ------Login------
[main] INFO essplAutomation - ------Credential provided------
[main] INFO essplAutomation - ------Login------
[main] INFO essplAutomation - ------Credential provided------
[main] INFO essplAutomation - ------Login------
[main] INFO essplAutomation - ------Credential provided------
[main] INFO essplAutomation - ------Login------
[main] INFO essplAutomation - ------Credential provided------
[main] INFO essplAutomation - ------Login------
[main] INFO essplAutomation - ------Credential provided------
[main] INFO essplAutomation - ------Login------
[main] INFO essplAutomation - ------Credential provided------
[main] INFO essplAutomation - ------Login------
[main] INFO essplAutomation - ------Credential provided------
[main] INFO essplAutomation - ------Login------
[main] INFO essplAutomation - ------Credential provided------
[main] INFO essplAutomation - ------Login------
[main] INFO essplAutomation - ------Credential provided------
[main] INFO essplAutomation - ------Login------
[main] INFO essplAutomation - ------Credential provided------
[main] INFO essplAutomation - ------Login------
[main] INFO essplAutomation - ------Credential provided------
[main] INFO essplAutomation - ------Login------
[main] INFO essplAutomation - ------Credential provided------
[main] INFO essplAutomation - ------Login------
[main] INFO essplAutomation - ------Credential provided------
[main] INFO essplAutomation - ------Login------
[main] INFO essplAutomation - ------Credential provided------
[main] INFO essplAutomation - ------Login------
[main] INFO essplAutomation - ------Credential provided------
[main] INFO essplAutomation - ------Login------
[main] INFO essplAutomation - ------Credential provided------
[main] INFO essplAutomation - ------Login------
[main] INFO essplAutomation - ------Credential provided------
[main] INFO essplAutomation - ------Login------
[main] INFO essplAutomation - ------Credential provided------
[main] INFO essplAutomation - ------Login------
[main] INFO essplAutomation - ------Credential provided------
[main] INFO essplAutomation - ------Login------
[main] INFO essplAutomation - ------Credential provided------
[main] INFO essplAutomation - ------Login------
[main] INFO essplAutomation - ------Credential provided------
[main] INFO essplAutomation - ------Login------
[main] INFO essplAutomation - ------Credential provided------
[main] INFO essplAutomation - ------Login------
[main] INFO essplAutomation - ------Credential provided------
[main] INFO essplAutomation - ------Login------
[main] INFO essplAutomation - ------Customer dashboard page------
[main] INFO essplAutomation - ------Customer Add New page------
[main] INFO essplAutomation - ------Customer Details page------
[main] INFO essplAutomation - ------Confirmation page------
[main] INFO essplAutomation - ------Logout page------
[main] INFO essplAutomation - ------Credential provided------
[main] INFO essplAutomation - ------Login------
[main] INFO essplAutomation - ------Customer dashboard page------
[main] INFO essplAutomation - ------Provide email for search------
[main] INFO essplAutomation - ------Search Customer------
[main] INFO essplAutomation - ------Credential provided------
[main] INFO essplAutomation - ------Login------
[main] INFO essplAutomation - ------Credential provided------
[main] INFO essplAutomation - ------Login------
[main] INFO essplAutomation - ------Credential provided------
[main] INFO essplAutomation - ------Login------
[main] INFO essplAutomation - ------Customer dashboard page------
[main] INFO essplAutomation - ------Provide email for search------
[main] INFO essplAutomation - ------Search Customer------
[main] INFO essplAutomation - ------Credential provided------
[main] INFO essplAutomation - ------Login------
[main] INFO essplAutomation - ------Credential provided------
[main] INFO essplAutomation - ------Login------
[main] INFO essplAutomation - ------Credential provided------
[main] INFO essplAutomation - ------Login------
[main] INFO essplAutomation - ------Customer dashboard page------
[main] INFO essplAutomation - ------Customer Add New page------
[main] INFO essplAutomation - ------Customer Details page------
[main] INFO essplAutomation - ------Confirmation page------
[main] INFO essplAutomation - ------Logout page------
[main] INFO essplAutomation - ------Credential provided------
[main] INFO essplAutomation - ------Login------
[main] INFO essplAutomation - ------Customer dashboard page------
[main] INFO essplAutomation - ------Provide email for search------
[main] INFO essplAutomation - ------Search Customer------
[main] INFO essplAutomation - ------Credential provided------
[main] INFO essplAutomation - ------Login------
[main] INFO essplAutomation - ------Credential provided------
[main] INFO essplAutomation - ------Login------
[main] INFO essplAutomation - ------Credential provided------
[main] INFO essplAutomation - ------Login------
[main] INFO essplAutomation - ------Customer dashboard page------
[main] INFO essplAutomation - ------Customer Add New page------
[main] INFO essplAutomation - ------Customer Details page------
[main] INFO essplAutomation - ------Confirmation page------
[main] INFO essplAutomation - ------Logout page------
[main] INFO essplAutomation - ------Credential provided------
[main] INFO essplAutomation - ------Login------
[main] INFO essplAutomation - ------Customer dashboard page------
[main] INFO essplAutomation - ------Provide email for search------
[main] INFO essplAutomation - ------Search Customer------
[main] INFO essplAutomation - ------Credential provided------
[main] INFO essplAutomation - ------Login------
[main] INFO essplAutomation - ------Credential provided------
[main] INFO essplAutomation - ------Login------
[main] INFO essplAutomation - ------Credential provided------
[main] INFO essplAutomation - ------Login------
[main] INFO essplAutomation - ------Customer dashboard page------
[main] INFO essplAutomation - ------Customer Add New page------
[main] INFO essplAutomation - ------Customer Details page------
[main] INFO essplAutomation - ------Confirmation page------
[main] INFO essplAutomation - ------Logout page------
[main] INFO essplAutomation - ------Credential provided------
[main] INFO essplAutomation - ------Login------
[main] INFO essplAutomation - ------Customer dashboard page------
[main] INFO essplAutomation - ------Provide email for search------
[main] INFO essplAutomation - ------Search Customer------
[main] INFO essplAutomation - ------Credential provided------
[main] INFO essplAutomation - ------Login------
[main] INFO essplAutomation - ------Credential provided------
[main] INFO essplAutomation - ------Login------
[main] INFO essplAutomation - ------Credential provided------
[main] INFO essplAutomation - ------Login------
[main] INFO essplAutomation - ------Credential provided------
[main] INFO essplAutomation - ------Login------
[main] INFO essplAutomation - ------Customer dashboard page------
[main] INFO essplAutomation - ------Customer Add New page------
[main] INFO essplAutomation - ------Customer Details page------
[main] INFO essplAutomation - ------Confirmation page------
[main] INFO essplAutomation - ------Logout page------
[main] INFO essplAutomation - ------Credential provided------
[main] INFO essplAutomation - ------Login------
[main] INFO essplAutomation - ------Customer dashboard page------
[main] INFO essplAutomation - ------Provide email for search------
[main] INFO essplAutomation - ------Search Customer------
[main] INFO essplAutomation - ------Credential provided------
[main] INFO essplAutomation - ------Login------
[main] INFO essplAutomation - ------Credential provided------
[main] INFO essplAutomation - ------Login------
[main] INFO essplAutomation - ------Credential provided------
[main] INFO essplAutomation - ------Login------
[main] INFO essplAutomation - ------Customer dashboard page------
[main] INFO essplAutomation - ------Customer Add New page------
[main] INFO essplAutomation - ------Customer Details page------
[main] INFO essplAutomation - ------Confirmation page------
[main] INFO essplAutomation - ------Logout page------
[main] INFO essplAutomation - ------Credential provided------
[main] INFO essplAutomation - ------Login------
[main] INFO essplAutomation - ------Customer dashboard page------
[main] INFO essplAutomation - ------Provide email for search------
[main] INFO essplAutomation - ------Search Customer------
[main] INFO essplAutomation - ------Credential provided------
[main] INFO essplAutomation - ------Login------
[main] INFO essplAutomation - ------Credential provided------
[main] INFO essplAutomation - ------Login------
[main] INFO essplAutomation - ------Customer Details page------
[main] INFO essplAutomation - ------Customer dashboard page------
[main] INFO essplAutomation - ------Credential provided------
[main] INFO essplAutomation - ------Login------
[main] INFO essplAutomation - ------Customer dashboard page------
[main] INFO essplAutomation - ------Customer Add New page------
[main] INFO essplAutomation - ------Customer Details page------
[main] INFO essplAutomation - ------Confirmation page------
[main] INFO essplAutomation - ------Logout page------
[main] INFO essplAutomation - ------Credential provided------
[main] INFO essplAutomation - ------Login------
[main] INFO essplAutomation - ------Customer dashboard page------
[main] INFO essplAutomation - ------Provide email for search------
[main] INFO essplAutomation - ------Search Customer------
[main] INFO essplAutomation - ------Credential provided------
[main] INFO essplAutomation - ------Login------
[main] INFO essplAutomation - ------Credential provided------
[main] INFO essplAutomation - ------Login------
[main] INFO essplAutomation - ------Customer Details page------
[main] INFO essplAutomation - ------Customer dashboard page------
[main] INFO essplAutomation - ------Credential provided------
[main] INFO essplAutomation - ------Login------
[main] INFO essplAutomation - ------Customer dashboard page------
[main] INFO essplAutomation - ------Customer Add New page------
[main] INFO essplAutomation - ------Customer Details page------
[main] INFO essplAutomation - ------Confirmation page------
[main] INFO essplAutomation - ------Logout page------
[main] INFO essplAutomation - ------Credential provided------
[main] INFO essplAutomation - ------Login------
[main] INFO essplAutomation - ------Customer dashboard page------
[main] INFO essplAutomation - ------Provide email for search------
[main] INFO essplAutomation - ------Search Customer------
[main] INFO essplAutomation - ------Credential provided------
[main] INFO essplAutomation - ------Login------
[main] INFO essplAutomation - ------Credential provided------
[main] INFO essplAutomation - ------Login------
[main] INFO essplAutomation - ------Credential provided------
[main] INFO essplAutomation - ------Login------
[main] INFO essplAutomation - ------Customer dashboard page------
[main] INFO essplAutomation - ------Customer Add New page------
[main] INFO essplAutomation - ------Customer Details page------
[main] INFO essplAutomation - ------Confirmation page------
[main] INFO essplAutomation - ------Logout page------
[main] INFO essplAutomation - ------Credential provided------
[main] INFO essplAutomation - ------Login------
[main] INFO essplAutomation - ------Customer dashboard page------
[main] INFO essplAutomation - ------Provide email for search------
[main] INFO essplAutomation - ------Search Customer------
[main] INFO essplAutomation - ------Credential provided------
[main] INFO essplAutomation - ------Login------
[main] INFO essplAutomation - ------Credential provided------
[main] INFO essplAutomation - ------Login------
[main] INFO essplAutomation - ------Credential provided------
[main] INFO essplAutomation - ------Login------
[main] INFO essplAutomation - ------Credential provided------
[main] INFO essplAutomation - ------Login------
[main] INFO essplAutomation - ------Customer dashboard page------
[main] INFO essplAutomation - ------Provide email for search------
[main] INFO essplAutomation - ------Search Customer------
[main] INFO essplAutomation - ------Credential provided------
[main] INFO essplAutomation - ------Login------
[main] INFO essplAutomation - ------Credential provided------
[main] INFO essplAutomation - ------Login------
[main] INFO essplAutomation - ------Credential provided------
[main] INFO essplAutomation - ------Login------
[main] INFO essplAutomation - ------Customer dashboard page------
[main] INFO essplAutomation - ------Customer Add New page------
[main] INFO essplAutomation - ------Customer Details page------
[main] INFO essplAutomation - ------Confirmation page------
[main] INFO essplAutomation - ------Logout page------
[main] INFO essplAutomation - ------Credential provided------
[main] INFO essplAutomation - ------Login------
[main] INFO essplAutomation - ------Customer dashboard page------
[main] INFO essplAutomation - ------Provide email for search------
[main] INFO essplAutomation - ------Search Customer------
[main] INFO essplAutomation - ------Credential provided------
[main] INFO essplAutomation - ------Login------
[main] INFO essplAutomation - ------Credential provided------
[main] INFO essplAutomation - ------Login------
[main] INFO essplAutomation - ------Credential provided------
[main] INFO essplAutomation - ------Login------
[main] INFO essplAutomation - ------Credential provided------
[main] INFO essplAutomation - ------Login------
[main] INFO essplAutomation - ------Credential provided------
[main] INFO essplAutomation - ------Login------
[main] INFO essplAutomation - ------Customer dashboard page------
[main] INFO essplAutomation - ------Customer Add New page------
[main] INFO essplAutomation - ------Customer Details page------
[main] INFO essplAutomation - ------Confirmation page------
[main] INFO essplAutomation - ------Logout page------
[main] INFO essplAutomation - ------Credential provided------
[main] INFO essplAutomation - ------Login------
[main] INFO essplAutomation - ------Customer dashboard page------
[main] INFO essplAutomation - ------Provide email for search------
[main] INFO essplAutomation - ------Search Customer------
[main] INFO essplAutomation - ------Credential provided------
[main] INFO essplAutomation - ------Login------
[main] INFO essplAutomation - ------Credential provided------
[main] INFO essplAutomation - ------Login------
[main] INFO essplAutomation - ------Credential provided------
[main] INFO essplAutomation - ------Login------
[main] INFO essplAutomation - ------Credential provided------
[main] INFO essplAutomation - ------Login------
[main] INFO essplAutomation - ------Credential provided------
[main] INFO essplAutomation - ------Login------
[main] INFO essplAutomation - ------Credential provided------
[main] INFO essplAutomation - ------Login------
[main] INFO essplAutomation - ------Credential provided------
[main] INFO essplAutomation - ------Login------
[main] INFO essplAutomation - ------Customer dashboard page------
[main] INFO essplAutomation - ------Customer Add New page------
[main] INFO essplAutomation - ------Customer Details page------
[main] INFO essplAutomation - ------Confirmation page------
[main] INFO essplAutomation - ------Logout page------
[main] INFO essplAutomation - ------Credential provided------
[main] INFO essplAutomation - ------Login------
[main] INFO essplAutomation - ------Customer dashboard page------
[main] INFO essplAutomation - ------Provide email for search------
[main] INFO essplAutomation - ------Search Customer------
[main] INFO essplAutomation - ------Credential provided------
[main] INFO essplAutomation - ------Login------
[main] INFO essplAutomation - ------Credential provided------
[main] INFO essplAutomation - ------Login------
[main] INFO essplAutomation - ------Credential provided------
[main] INFO essplAutomation - ------Login------
[main] INFO essplAutomation - ------Credential provided------
[main] INFO essplAutomation - ------Login------
[main] INFO essplAutomation - ------Credential provided------
[main] INFO essplAutomation - ------Login------
[main] INFO essplAutomation - ------Credential provided------
[main] INFO essplAutomation - ------Login------
[main] INFO essplAutomation - ------Credential provided------
[main] INFO essplAutomation - ------Login------
[main] INFO essplAutomation - ------Customer dashboard page------
[main] INFO essplAutomation - ------Customer Add New page------
[main] INFO essplAutomation - ------Customer Details page------
[main] INFO essplAutomation - ------Confirmation page------
[main] INFO essplAutomation - ------Logout page------
[main] INFO essplAutomation - ------Credential provided------
[main] INFO essplAutomation - ------Login------
[main] INFO essplAutomation - ------Customer dashboard page------
[main] INFO essplAutomation - ------Provide email for search------
[main] INFO essplAutomation - ------Search Customer------
[main] INFO essplAutomation - ------Credential provided------
[main] INFO essplAutomation - ------Login------
[main] INFO essplAutomation - ------Credential provided------
[main] INFO essplAutomation - ------Login------
[main] INFO essplAutomation - ------Credential provided------
[main] INFO essplAutomation - ------Login------
[main] INFO essplAutomation - ------Customer dashboard page------
[main] INFO essplAutomation - ------Customer Add New page------
[main] INFO essplAutomation - ------Customer Details page------
[main] INFO essplAutomation - ------Confirmation page------
[main] INFO essplAutomation - ------Logout page------
[main] INFO essplAutomation - ------Credential provided------
[main] INFO essplAutomation - ------Login------
[main] INFO essplAutomation - ------Customer dashboard page------
[main] INFO essplAutomation - ------Provide email for search------
[main] INFO essplAutomation - ------Search Customer------
[main] INFO essplAutomation - ------Credential provided------
[main] INFO essplAutomation - ------Login------
[main] INFO essplAutomation - ------Credential provided------
[main] INFO essplAutomation - ------Login------
[main] INFO essplAutomation - ------Customer dashboard page------
[main] INFO essplAutomation - ------Customer Add New page------
[main] INFO essplAutomation - ------Customer Details page------
[main] INFO essplAutomation - ------Confirmation page------
[main] INFO essplAutomation - ------Logout page------
[main] INFO essplAutomation - ------Credential provided------
[main] INFO essplAutomation - ------Login------
[main] INFO essplAutomation - ------Customer dashboard page------
[main] INFO essplAutomation - ------Provide email for search------
[main] INFO essplAutomation - ------Search Customer------
[main] INFO essplAutomation - ------Credential provided------
[main] INFO essplAutomation - ------Login------
[main] INFO essplAutomation - ------Credential provided------
[main] INFO essplAutomation - ------Login------
[main] INFO essplAutomation - ------Credential provided------
[main] INFO essplAutomation - ------Login------
[main] INFO essplAutomation - ------Credential provided------
[main] INFO essplAutomation - ------Login------
[main] INFO essplAutomation - ------Credential provided------
[main] INFO essplAutomation - ------Login------
[main] INFO essplAutomation - ------Customer dashboard page------
[main] INFO essplAutomation - ------Customer Add New page------
[main] INFO essplAutomation - ------Customer Details page------
[main] INFO essplAutomation - ------Confirmation page------
[main] INFO essplAutomation - ------Logout page------
[main] INFO essplAutomation - ------Credential provided------
[main] INFO essplAutomation - ------Login------
[main] INFO essplAutomation - ------Credential provided------
[main] INFO essplAutomation - ------Login------
[main] INFO essplAutomation - ------Credential provided------
[main] INFO essplAutomation - ------Login------
[main] INFO essplAutomation - ------Customer dashboard page------
[main] INFO essplAutomation - ------Customer Add New page------
[main] INFO essplAutomation - ------Customer Details page------
[main] INFO essplAutomation - ------Confirmation page------
[main] INFO essplAutomation - ------Logout page------
[main] INFO essplAutomation - ------Credential provided------
[main] INFO essplAutomation - ------Login------
[main] INFO essplAutomation - ------Customer dashboard page------
[main] INFO essplAutomation - ------Provide email for search------
[main] INFO essplAutomation - ------Search Customer------
[main] INFO essplAutomation - ------Credential provided------
[main] INFO essplAutomation - ------Login------
[main] INFO essplAutomation - ------Credential provided------
[main] INFO essplAutomation - ------Login------
[main] INFO essplAutomation - ------Customer dashboard page------
[main] INFO essplAutomation - ------Customer Add New page------
[main] INFO essplAutomation - ------Customer Details page------
[main] INFO essplAutomation - ------Confirmation page------
[main] INFO essplAutomation - ------Logout page------
[main] INFO essplAutomation - ------Credential provided------
[main] INFO essplAutomation - ------Login------
[main] INFO essplAutomation - ------Customer dashboard page------
[main] INFO essplAutomation - ------Provide email for search------
[main] INFO essplAutomation - ------Search Customer------
[main] INFO essplAutomation - ------Credential provided------
[main] INFO essplAutomation - ------Login------
[main] INFO essplAutomation - ------Credential provided------
[main] INFO essplAutomation - ------Login------
[main] INFO essplAutomation - ------Customer dashboard page------
[main] INFO essplAutomation - ------Customer Add New page------
[main] INFO essplAutomation - ------Customer Details page------
[main] INFO essplAutomation - ------Confirmation page------
[main] INFO essplAutomation - ------Logout page------
[main] INFO essplAutomation - ------Credential provided------
[main] INFO essplAutomation - ------Login------
[main] INFO essplAutomation - ------Customer dashboard page------
[main] INFO essplAutomation - ------Provide email for search------
[main] INFO essplAutomation - ------Search Customer------
[main] INFO essplAutomation - ------Credential provided------
[main] INFO essplAutomation - ------Login------
[main] INFO essplAutomation - ------Credential provided------
[main] INFO essplAutomation - ------Login------
[main] INFO essplAutomation - ------Customer dashboard page------
[main] INFO essplAutomation - ------Customer Add New page------
[main] INFO essplAutomation - ------Customer Details page------
[main] INFO essplAutomation - ------Confirmation page------
[main] INFO essplAutomation - ------Logout page------
[main] INFO essplAutomation - ------Credential provided------
[main] INFO essplAutomation - ------Login------
[main] INFO essplAutomation - ------Customer dashboard page------
[main] INFO essplAutomation - ------Provide email for search------
[main] INFO essplAutomation - ------Search Customer------
[main] INFO essplAutomation - ------Credential provided------
[main] INFO essplAutomation - ------Login------
[main] INFO essplAutomation - ------Credential provided------
[main] INFO essplAutomation - ------Login------
[main] INFO essplAutomation - ------Credential provided------
[main] INFO essplAutomation - ------Login------
[main] INFO essplAutomation - ------Customer dashboard page------
[main] INFO essplAutomation - ------Customer Add New page------
[main] INFO essplAutomation - ------Customer Details page------
[main] INFO essplAutomation - ------Confirmation page------
[main] INFO essplAutomation - ------Logout page------
[main] INFO essplAutomation - ------Credential provided------
[main] INFO essplAutomation - ------Login------
[main] INFO essplAutomation - ------Customer dashboard page------
[main] INFO essplAutomation - ------Provide email for search------
[main] INFO essplAutomation - ------Search Customer------
[main] INFO essplAutomation - ------Credential provided------
[main] INFO essplAutomation - ------Login------
[main] INFO essplAutomation - ------Credential provided------
[main] INFO essplAutomation - ------Login------
[main] INFO essplAutomation - ------Customer dashboard page------
[main] INFO essplAutomation - ------Customer Add New page------
[main] INFO essplAutomation - ------Customer Details page------
[main] INFO essplAutomation - ------Confirmation page------
[main] INFO essplAutomation - ------Logout page------
[main] INFO essplAutomation - ------Credential provided------
[main] INFO essplAutomation - ------Login------
[main] INFO essplAutomation - ------Customer dashboard page------
[main] INFO essplAutomation - ------Provide email for search------
[main] INFO essplAutomation - ------Search Customer------
[main] INFO essplAutomation - ------Credential provided------
[main] INFO essplAutomation - ------Login------
[main] INFO essplAutomation - ------Credential provided------
[main] INFO essplAutomation - ------Login------
[main] INFO essplAutomation - ------Customer dashboard page------
[main] INFO essplAutomation - ------Customer Add New page------
[main] INFO essplAutomation - ------Customer Details page------
[main] INFO essplAutomation - ------Confirmation page------
[main] INFO essplAutomation - ------Logout page------
[main] INFO essplAutomation - ------Credential provided------
[main] INFO essplAutomation - ------Login------
[main] INFO essplAutomation - ------Customer dashboard page------
[main] INFO essplAutomation - ------Provide email for search------
[main] INFO essplAutomation - ------Search Customer------
[main] INFO essplAutomation - ------Credential provided------
[main] INFO essplAutomation - ------Login------
[main] INFO essplAutomation - ------Credential provided------
[main] INFO essplAutomation - ------Login------
[main] INFO essplAutomation - ------Customer dashboard page------
[main] INFO essplAutomation - ------Customer Add New page------
[main] INFO essplAutomation - ------Customer Details page------
[main] INFO essplAutomation - ------Confirmation page------
[main] INFO essplAutomation - ------Logout page------
[main] INFO essplAutomation - ------Credential provided------
[main] INFO essplAutomation - ------Login------
[main] INFO essplAutomation - ------Customer dashboard page------
[main] INFO essplAutomation - ------Provide email for search------
[main] INFO essplAutomation - ------Search Customer------
[main] INFO essplAutomation - ------Credential provided------
[main] INFO essplAutomation - ------Login------
[main] INFO essplAutomation - ------Credential provided------
[main] INFO essplAutomation - ------Login------
[main] INFO essplAutomation - ------Customer dashboard page------
[main] INFO essplAutomation - ------Credential provided------
[main] INFO essplAutomation - ------Login------
[main] INFO essplAutomation - ------Customer dashboard page------
[main] INFO essplAutomation - ------Provide email for search------
[main] INFO essplAutomation - ------Search Customer------
[main] INFO essplAutomation - ------Credential provided------
[main] INFO essplAutomation - ------Login------
[main] INFO essplAutomation - ------Credential provided------
[main] INFO essplAutomation - ------Login------
[main] INFO essplAutomation - ------Customer dashboard page------
[main] INFO essplAutomation - ------Customer Add New page------
[main] INFO essplAutomation - ------Customer Details page------
[main] INFO essplAutomation - ------Confirmation page------
[main] INFO essplAutomation - ------Logout page------
[main] INFO essplAutomation - ------Credential provided------
[main] INFO essplAutomation - ------Login------
[main] INFO essplAutomation - ------Customer dashboard page------
[main] INFO essplAutomation - ------Provide email for search------
[main] INFO essplAutomation - ------Search Customer------
[main] INFO essplAutomation - ------Credential provided------
[main] INFO essplAutomation - ------Login------
[main] INFO essplAutomation - ------Credential provided------
[main] INFO essplAutomation - ------Login------
[main] INFO essplAutomation - ------Credential provided------
[main] INFO essplAutomation - ------Login------
[main] INFO essplAutomation - ------Credential provided------
[main] INFO essplAutomation - ------Login------
[main] INFO essplAutomation - ------Credential provided------
[main] INFO essplAutomation - ------Login------
[main] INFO essplAutomation - ------Customer dashboard page------
[main] INFO essplAutomation - ------Customer Add New page------
[main] INFO essplAutomation - ------Customer Details page------
[main] INFO essplAutomation - ------Confirmation page------
[main] INFO essplAutomation - ------Logout page------
[main] INFO essplAutomation - ------Credential provided------
[main] INFO essplAutomation - ------Login------
[main] INFO essplAutomation - ------Customer dashboard page------
[main] INFO essplAutomation - ------Provide email for search------
[main] INFO essplAutomation - ------Search Customer------
[main] INFO essplAutomation - ------Credential provided------
[main] INFO essplAutomation - ------Login------
[main] INFO essplAutomation - ------Credential provided------
[main] INFO essplAutomation - ------Login------
[main] INFO essplAutomation - ------Credential provided------
[main] INFO essplAutomation - ------Login------
[main] INFO essplAutomation - ------Credential provided------
[main] INFO essplAutomation - ------Login------
[main] INFO essplAutomation - ------Credential provided------
[main] INFO essplAutomation - ------Login------
[main] INFO essplAutomation - ************hi
[main] INFO essplAutomation - ************hi
[main] INFO essplAutomation - ************hi
[main] INFO essplAutomation - ************hi
[main] INFO essplAutomation - ************JC Penney
[main] INFO essplAutomation - ************JC Penney
[main] INFO essplAutomation - ------Customer Details page------
[main] INFO essplAutomation - ------Customer dashboard page------
[main] INFO essplAutomation - ------Customer Details page------
[main] INFO essplAutomation - ------Customer dashboard page------
[main] INFO essplAutomation - ------Customer Details page------
[main] INFO essplAutomation - ------Customer dashboard page------
[main] INFO essplAutomation - ------Customer Details page------
[main] INFO essplAutomation - ------Customer dashboard page------
[main] INFO essplAutomation - ------Credential provided------
[main] INFO essplAutomation - ------Login------
[main] INFO essplAutomation - ------Credential provided------
[main] INFO essplAutomation - ------Login------
[main] INFO coreUI - ************Client Name 'JC Penny selected'
[main] INFO coreUI - ************Client Name 'JC Penny selected'
[main] INFO coreUI - ************Client Name 'JC Penny selected'
[main] INFO coreUI - ************Client Name 'JC Penny selected'
[main] INFO coreUI - ************Client Name 'JC Penny selected'
[main] INFO coreUI - ************Client Name 'JC Penny selected'
[main] INFO coreUI - ************Client Name 'JC Penny selected'
[main] INFO coreUI - ************Client Name JC Penny selected
[main] INFO coreUI - ************Client Name JC Penny selected
[main] INFO coreUI - ************Client Name JC Penny selected
[main] INFO coreUI - ************Client Name JC Penny selected
[main] INFO coreUI - ************Client Name JC Penny selected
[main] INFO coreUI - ************Client Name JC Penny selected
[main] INFO coreUI - ************Client Name JC Penny selected
[main] INFO coreUI - ************Client Name JC Penny selected
[main] INFO coreUI - ************Client Name JC Penny selected
[main] INFO coreUI - ************Client Name JC Penny selected
[main] INFO coreUI - ************Client Name JC Penny selected
[main] INFO coreUI - ************Client Name JC Penny selected
[main] INFO coreUI - ************Switch to Default Content
[main] INFO coreUI - ************Switch to Default Content
[main] INFO coreUI - ************description
[main] INFO coreUI - ************description
[main] INFO coreUI - ************description
[main] INFO coreUI - ************description
[main] INFO coreUI - ************description
[main] INFO coreUI - ************description
[main] INFO coreUI - ------Customer Details page------
[main] INFO coreUI - ------Customer dashboard page------
[main] INFO coreUI - ************description
[main] INFO coreUI - ************description
[main] INFO coreUI - ************description
[main] INFO coreUI - ************description
[main] INFO coreUI - ************description
[main] INFO coreUI - ************description
[main] INFO coreUI - ************description
[main] INFO coreUI - ************description
[main] INFO coreUI - ************description
[main] INFO coreUI - ************description
[main] INFO coreUI - ************description
[main] INFO coreUI - ************description
[main] INFO coreUI - ************description
[main] INFO coreUI - ************description
[main] INFO coreUI - ************description
[main] INFO coreUI - ************description
[main] INFO coreUI - ************description
[main] INFO coreUI - ************description
[main] INFO coreUI - ************description
[main] INFO coreUI - ************description
[main] INFO coreUI - ************description
[main] INFO coreUI - ************description
[main] INFO coreUI - ************description
[main] INFO coreUI - ************description
[main] INFO coreUI - ************description
[main] INFO coreUI - ************description
[main] INFO coreUI - ************description
[main] INFO coreUI - ************description
[main] INFO coreUI - ************description
[main] INFO coreUI - ************description
[main] INFO coreUI - ************description
[main] INFO coreUI - ************description
[main] INFO coreUI - ************description
[main] INFO coreUI - ************description
[main] INFO coreUI - ************description
[main] INFO coreUI - ************description
[main] INFO coreUI - ************description
[main] INFO coreUI - ************description
[main] INFO coreUI - ************description
[main] INFO coreUI - ************description
[main] INFO coreUI - ************description
[main] INFO coreUI - --- SWITCH FRAME ---
[main] INFO coreUI - ************Switch to Frame
[main] INFO coreUI - ************description
[main] INFO coreUI - ************description
[main] INFO coreUI - ************description
[main] INFO coreUI - ************description
[main] INFO coreUI - ************description
[main] INFO coreUI - ************description
[main] INFO coreUI - ************description
[main] INFO coreUI - ************description
[main] INFO coreUI - ************description
[main] INFO coreUI - ************description
[main] INFO coreUI - ************description
[main] INFO coreUI - ************description
[main] INFO coreUI - ************description
[main] INFO coreUI - ************description
[main] INFO coreUI - ************description
[main] INFO coreUI - ************Error in Executing javaScript
[main] INFO coreUI - ************description
[main] INFO coreUI - ************description
[main] INFO coreUI - ************description
[main] INFO coreUI - ************description
[main] INFO coreUI - ************description
[main] INFO coreUI - ************description
[main] INFO coreUI - ************description
[main] INFO coreUI - ************description
[main] INFO coreUI - ************description
[main] INFO coreUI - ************description
[main] INFO coreUI - ************description
[main] INFO coreUI - ************description
[main] INFO coreUI - ************description
[main] INFO coreUI - ************description
[main] INFO coreUI - ************description
[main] INFO coreUI - ************description
[main] INFO coreUI - ************description
[main] INFO coreUI - ************description
[main] INFO coreUI - ************description
[main] INFO coreUI - ************description
[main] INFO coreUI - ************description
[main] INFO coreUI - ************description
[main] INFO coreUI - ************description
[main] INFO coreUI - ************description
[main] INFO coreUI - ************description
[main] INFO coreUI - ************description
[main] INFO coreUI - ************description
[main] INFO coreUI - ************description
[main] INFO coreUI - ************description
[main] INFO coreUI - ************description
[main] INFO coreUI - ************description
[main] INFO coreUI - ************description
[main] INFO coreUI - ************description
[main] INFO coreUI - ************description
[main] INFO coreUI - ************description
[main] INFO coreUI - ************description
[main] INFO coreUI - ************description
[main] INFO coreUI - ************description
[main] INFO coreUI - ************description
[main] INFO coreUI - ************Switch to Default Content
[main] INFO coreUI - ************description
[main] INFO coreUI - ************Switch to Default Content
[main] INFO coreUI - ************description
[main] INFO coreUI - ************Switch to Default Content
[main] INFO coreUI - ************description
[main] INFO coreUI - ************description
[main] INFO coreUI - ************description
[main] INFO coreUI - ************description
[main] INFO coreUI - ************description
[main] INFO coreUI - ************description
[main] INFO coreUI - ************description
[main] INFO coreUI - ************Switch to Default Content
[main] INFO coreUI - ************description
[main] INFO coreUI - ************Switch to Default Content
[main] INFO coreUI - ************description
[main] INFO coreUI - ************description
[main] INFO coreUI - ************Switch to Frame rightFrame
[main] INFO coreUI - ************description
[main] INFO coreUI - ************description
[main] INFO coreUI - ************description
[main] INFO coreUI - ************description
[main] INFO coreUI - ************description
[main] INFO coreUI - ************description
[main] INFO coreUI - ************description
[main] INFO coreUI - ************description
[main] INFO coreUI - ************description
[main] INFO coreUI - ************Switch to Frame rightFrame
[main] INFO coreUI - ************description
[main] INFO coreUI - ************description
[main] INFO coreUI - ************Switch to Frame rightFrame
[main] INFO coreUI - ************description
[main] INFO coreUI - ************Switch to Frame rightFrame
[main] INFO coreUI - ************Switch to Frame treeFrame
[main] INFO coreUI - ************description
[main] INFO coreUI - ************description
[main] INFO coreUI - ************Switch to Frame rightFrame
[main] INFO coreUI - ************Switch to Frame treeFrame
[main] INFO coreUI - ************description
[main] INFO coreUI - ************Switch to Frame rightFrame
[main] INFO coreUI - ************Switch to Frame treeFrame
[main] INFO coreUI - ************description
[main] INFO coreUI - ************Switch to Frame rightFrame
[main] INFO coreUI - ************description
[main] INFO coreUI - ************Switch to Frame rightFrame
[main] INFO coreUI - ************description
[main] INFO coreUI - ************description
[main] INFO coreUI - ************Switch to Frame rightFrame
[main] INFO coreUI - ************description
[main] INFO coreUI - ************description
[main] INFO coreUI - ************description
[main] INFO coreUI - ************description
[main] INFO coreUI - ************description
[main] INFO coreUI - ************description
[main] INFO coreUI - ************File name entered
[main] INFO coreUI - ************File name entered
[main] INFO coreUI - ************description
[main] INFO coreUI - ************File name entered
[main] INFO coreUI - ************File name entered
[main] INFO coreUI - ************description
[main] INFO coreUI - ************File name entered
[main] INFO coreUI - ************File name entered
[main] INFO coreUI - ************description
[main] INFO coreUI - ************description
[main] INFO coreUI - ************File name entered
[main] INFO coreUI - ************File name entered
[main] INFO coreUI - ************description
[main] INFO coreUI - ************File name entered
[main] INFO coreUI - ************File name entered
[main] INFO coreUI - ************description
[main] INFO coreUI - ************File name entered
[main] INFO coreUI - ************File name entered
[main] INFO coreUI - ************description
[main] INFO coreUI - ************description
[main] INFO coreUI - ************File name entered
[main] INFO coreUI - ************File name entered
[main] INFO coreUI - ************description
[main] INFO coreUI - ************description
[main] INFO coreUI - ************File name entered
[main] INFO coreUI - ************File name entered
[main] INFO coreUI - ************description
[main] INFO coreUI - ************description
[main] INFO coreUI - ************File name entered
[main] INFO coreUI - ************File name entered
[main] INFO coreUI - ************description
[main] INFO coreUI - ************description
[main] INFO coreUI - ************Value Entered successfully
[main] INFO coreUI - ************Value Entered successfully
[main] INFO coreUI - ************description
[main] INFO coreUI - ************description
[main] INFO coreUI - ************Value Entered successfully
[main] INFO coreUI - ************description
[main] INFO coreUI - ************description
[main] ERROR coreUI - Value Entered successfullyFail - Exception :
		NoSuchElementException
[main] INFO coreUI - ************description
[main] INFO coreUI - ************description
[main] INFO coreUI - ************description
[main] INFO coreUI - ************description
[main] INFO coreUI - ************description
[main] INFO coreUI - ************description
[main] INFO coreUI - ************description
[main] INFO coreUI - ************description
[main] INFO coreUI - ************description
[main] INFO coreUI - ************description
[main] INFO coreUI - ************description
[main] INFO coreUI - ************description
[main] INFO coreUI - ************description
[main] INFO coreUI - ************description
[main] INFO coreUI - ************description
[main] INFO coreUI - ************description
[main] INFO coreUI - ************description
[main] INFO coreUI - ************description
[main] INFO coreUI - ************description
[main] INFO coreUI - ************description
[main] INFO coreUI - ************description
[main] INFO coreUI - ************description
[main] INFO coreUI - ************description
[main] INFO coreUI - ************description
[main] INFO coreUI - ************description
[main] INFO coreUI - ************description
[main] INFO coreUI - ************description
[main] INFO coreUI - ************description
[main] INFO coreUI - ************description
[main] INFO coreUI - ************description
[main] INFO coreUI - ************description
[main] INFO coreUI - ************description
[main] INFO coreUI - ************description
[main] INFO coreUI - ************description
[main] INFO coreUI - ************description
[main] INFO coreUI - ************description
[main] INFO coreUI - ************description
[main] INFO coreUI - ************description
[main] INFO coreUI - ************description
[main] INFO coreUI - ************description
[main] INFO coreUI - ************description
[main] INFO coreUI - ************description
[main] INFO coreUI - ************description
[main] INFO coreUI - ************description
[main] INFO coreUI - ************description
[main] INFO coreUI - ************description
[main] INFO coreUI - ************description
[main] INFO coreUI - ************description
[main] INFO coreUI - ************description
[main] INFO coreUI - ************description
[main] INFO coreUI - ************description
[main] INFO coreUI - ************description
[main] INFO coreUI - ************description
[main] INFO coreUI - ************description
[main] INFO coreUI - ************description
[main] INFO coreUI - ************description
[main] INFO coreUI - ************description
[main] INFO coreUI - ************description
[main] INFO coreUI - ************description
[main] INFO coreUI - ************description
[main] INFO coreUI - ************description
[main] INFO coreUI - ************description
[main] INFO coreUI - ************description
[main] INFO coreUI - ************description
[main] INFO coreUI - ************description
[main] INFO coreUI - ************description
[main] INFO coreUI - ************description
[main] INFO coreUI - ************description
[main] INFO coreUI - ************description
[main] INFO coreUI - ************description
[main] INFO coreUI - ************description
[main] INFO coreUI - ************description
[main] INFO coreUI - ************description
[main] INFO coreUI - ************description
[main] INFO coreUI - ************description
[main] INFO coreUI - ************description
[main] INFO coreUI - ************description
[main] INFO coreUI - ************description
[main] INFO coreUI - ************description
[main] INFO coreUI - ************description
[main] INFO coreUI - ************description
[main] INFO coreUI - ************description
[main] INFO coreUI - ************description
[main] INFO coreUI - ************description
[main] INFO coreUI - ************description
[main] INFO coreUI - ************description
[main] INFO coreUI - ************description
[main] INFO coreUI - ************description
[main] INFO coreUI - ************description
[main] INFO coreUI - ************description
[main] INFO coreUI - ************description
[main] INFO coreUI - ************description
[main] INFO coreUI - ************description
[main] INFO coreUI - ************description
[main] INFO coreUI - ************description
[main] INFO coreUI - ************description
[main] INFO coreUI - ************description
[main] INFO coreUI - ************description
[main] INFO coreUI - ************description
[main] INFO coreUI - ************description
[main] INFO coreUI - ************description
[main] INFO coreUI - ************description
[main] INFO coreUI - ************description
[main] INFO coreUI - ************description
[main] INFO coreUI - ************description
[main] INFO coreUI - ************description
[main] INFO coreUI - ************description
[main] INFO coreUI - ************description
[main] INFO coreUI - ************description
[main] INFO coreUI - ************description
[main] INFO coreUI - ************description
[main] INFO coreUI - ************description
[main] INFO coreUI - ************description
[main] INFO coreUI - ************description
[main] INFO coreUI - ************description
[main] INFO coreUI - ************description
[main] INFO coreUI - ************description
[main] INFO coreUI - ************description
[main] INFO coreUI - ************description
[main] INFO coreUI - ************description
[main] INFO coreUI - ************description
[main] INFO coreUI - ************description
[main] INFO coreUI - ************description
[main] INFO coreUI - ************description
[main] INFO coreUI - ************description
[main] INFO coreUI - ************description
[main] INFO coreUI - ************description
[main] INFO coreUI - ************description
[main] INFO coreUI - ************description
[main] INFO coreUI - ************description
[main] INFO coreUI - ************description
[main] INFO coreUI - ************description
[main] INFO coreUI - ************description
[main] INFO coreUI - ************description
[main] INFO coreUI - ************description
[main] INFO coreUI - ************description
[main] INFO coreUI - ************description
[main] INFO coreUI - ************description
[main] INFO coreUI - ************description
[main] INFO coreUI - ************description
[main] INFO coreUI - ************description
[main] INFO coreUI - ************description
[main] INFO coreUI - ************description
[main] INFO coreUI - ************description
[main] INFO coreUI - ************description
[main] INFO coreUI - ************description
[main] INFO coreUI - ************description
[main] INFO coreUI - ************description
[main] INFO coreUI - ************description
[main] INFO coreUI - ************description
[main] INFO coreUI - ************description
[main] INFO coreUI - ************description
[main] INFO coreUI - ************description
[main] INFO coreUI - ************description
[main] INFO coreUI - ************description
[main] INFO coreUI - ************description
[main] INFO coreUI - ************description
[main] INFO coreUI - ************description
[main] INFO coreUI - ************description
[main] INFO coreUI - ************description
[main] INFO coreUI - ************description
[main] INFO coreUI - ************description
[main] INFO coreUI - ************description
[main] INFO coreUI - ************description
[main] INFO coreUI - ************description
[main] INFO coreUI - ************description
[main] INFO coreUI - ************description
[main] INFO coreUI - ************description
[main] INFO coreUI - ************description
[main] INFO coreUI - ************description
[main] INFO coreUI - ************description
[main] INFO coreUI - ************description
[main] INFO coreUI - ************description
[main] INFO coreUI - ************description
[main] INFO coreUI - ************description
[main] INFO coreUI - ************description
[main] INFO coreUI - ************description
[main] INFO coreUI - ************description
[main] INFO coreUI - ************description
[main] INFO coreUI - ************description
[main] INFO coreUI - ************description
[main] INFO coreUI - ************description
[main] INFO coreUI - ************description
[main] INFO coreUI - ************description
[main] INFO coreUI - ************description
[main] INFO coreUI - ************description
[main] INFO coreUI - ************description
[main] INFO coreUI - ************description
[main] INFO coreUI - ************description
[main] INFO coreUI - ************description
[main] INFO coreUI - ************description
[main] INFO coreUI - ************description
[main] INFO coreUI - ************description
[main] INFO coreUI - ************description
[main] INFO coreUI - ************description
[main] INFO coreUI - ************description
[main] INFO coreUI - ************description
[main] INFO coreUI - ************description
[main] INFO coreUI - ************description
[main] INFO coreUI - ************description
[main] INFO coreUI - ************description
[main] INFO coreUI - ************description
[main] INFO coreUI - ************description
[main] INFO coreUI - ************description
[main] INFO coreUI - ************description
[main] INFO coreUI - ************description
[main] INFO coreUI - ************description
[main] INFO coreUI - ************description
[main] INFO coreUI - ************description
[main] INFO coreUI - ************description
[main] INFO coreUI - ************description
[main] INFO coreUI - ************description
[main] INFO coreUI - ************description
[main] INFO coreUI - ************description
[main] INFO coreUI - ************description
[main] INFO coreUI - ************description
[main] INFO coreUI - ************description
[main] INFO coreUI - ************description
[main] INFO coreUI - ************description
[main] INFO coreUI - ************description
[main] INFO coreUI - ************description
[main] INFO coreUI - ************description
[main] INFO coreUI - ************description
[main] INFO coreUI - ************description
[main] INFO coreUI - ************description
[main] INFO coreUI - ************description
[main] INFO coreUI - ************description
[main] INFO coreUI - ************description
[main] INFO coreUI - ************description
